[  1%] Built target turtlesim__cpp
[35m[1mConsolidate compiler generated dependencies of target turtlesim__rosidl_generator_c[0m
failed to create symbolic link '/root/rosdir/ros2_ws/build/turtlesim/ament_cmake_python/turtlesim/turtlesim' because existing path cannot be removed: Is a directory
gmake[2]: *** [CMakeFiles/ament_cmake_python_symlink_turtlesim.dir/build.make:70: CMakeFiles/ament_cmake_python_symlink_turtlesim] Error 1
gmake[1]: *** [CMakeFiles/Makefile2:429: CMakeFiles/ament_cmake_python_symlink_turtlesim.dir/all] Error 2
gmake[1]: *** Waiting for unfinished jobs....
[ 11%] Built target turtlesim__rosidl_generator_c
gmake: *** [Makefile:146: all] Error 2
